CRITICAL - 2023-03-25 23:16:53 --> The framework needs the following extension(s) installed and loaded: intl, mbstring.
in SYSTEMPATH\CodeIgniter.php on line 226.
 1 SYSTEMPATH\CodeIgniter.php(226): CodeIgniter\Exceptions\FrameworkException::forMissingExtension('intl, mbstring')
 2 SYSTEMPATH\CodeIgniter.php(190): CodeIgniter\CodeIgniter->resolvePlatformExtensions()
 3 ROOTPATH\spark(83): CodeIgniter\CodeIgniter->initialize()
CRITICAL - 2023-03-25 23:17:10 --> The framework needs the following extension(s) installed and loaded: intl, mbstring.
in SYSTEMPATH\CodeIgniter.php on line 226.
 1 SYSTEMPATH\CodeIgniter.php(226): CodeIgniter\Exceptions\FrameworkException::forMissingExtension('intl, mbstring')
 2 SYSTEMPATH\CodeIgniter.php(190): CodeIgniter\CodeIgniter->resolvePlatformExtensions()
 3 ROOTPATH\spark(83): CodeIgniter\CodeIgniter->initialize()
CRITICAL - 2023-03-25 23:17:10 --> Uncaught Error: Call to undefined function CodeIgniter\CLI\mb_strpos() in C:\Users\Lucas Rocha\Documents\GitHub\sistema_dev\api\system\CLI\CLI.php:872
Stack trace:
#0 C:\Users\Lucas Rocha\Documents\GitHub\sistema_dev\api\system\CLI\CLI.php(161): CodeIgniter\CLI\CLI::parseCommandLine()
#1 C:\Users\Lucas Rocha\Documents\GitHub\sistema_dev\api\system\CLI\CLI.php(1115): CodeIgniter\CLI\CLI::init()
#2 C:\Users\Lucas Rocha\Documents\GitHub\sistema_dev\api\system\Autoloader\Autoloader.php(312): include_once('C:\\Users\\Lucas ...')
#3 C:\Users\Lucas Rocha\Documents\GitHub\sistema_dev\api\system\Autoloader\Autoloader.php(289): CodeIgniter\Autoloader\Autoloader->includeFile('C:\\Users\\Lucas ...')
#4 C:\Users\Lucas Rocha\Documents\GitHub\sistema_dev\api\system\Autoloader\Autoloader.php(267): CodeIgniter\Autoloader\Autoloader->loadInNamespace('CodeIgniter\\CLI...')
#5 [internal function]: CodeIgniter\Autoloader\Autoloader->loadClass('CodeIgniter\\CLI...')
#6 C:\Users\Lucas Rocha\Documents\GitHub\sistema_dev\api\app\View
【Previous Exception】
CodeIgniter\Exceptions\FrameworkException
The framework needs the following extension(s) installed and loaded: intl, mbstring.
#0 C:\Users\Lucas Rocha\Documents\GitHub\sistema_dev\api\system\CodeIgniter.php(226): CodeIgniter\Exceptions\FrameworkException::forMissingExtension('intl, mbstring')
#1 C:\Users\Lucas Rocha\Documents\GitHub\sistema_dev\api\system\CodeIgniter.php(190): CodeIgniter\CodeIgniter->resolvePlatformExtensions()
#2 C:\Users\Lucas Rocha\Documents\GitHub\sistema_dev\api\spark(83): CodeIgniter\CodeIgniter->initialize()
#3 {main}
in SYSTEMPATH\CLI\CLI.php on line 872.
 1 [internal function]: CodeIgniter\Debug\Exceptions->shutdownHandler()
CRITICAL - 2023-03-25 23:20:25 --> The framework needs the following extension(s) installed and loaded: intl, mbstring.
in SYSTEMPATH\CodeIgniter.php on line 226.
 1 SYSTEMPATH\CodeIgniter.php(226): CodeIgniter\Exceptions\FrameworkException::forMissingExtension('intl, mbstring')
 2 SYSTEMPATH\CodeIgniter.php(190): CodeIgniter\CodeIgniter->resolvePlatformExtensions()
 3 ROOTPATH\spark(83): CodeIgniter\CodeIgniter->initialize()
CRITICAL - 2023-03-25 23:20:25 --> Uncaught Error: Call to undefined function CodeIgniter\CLI\mb_strpos() in C:\Users\Lucas Rocha\Documents\GitHub\sistema_dev\api\system\CLI\CLI.php:872
Stack trace:
#0 C:\Users\Lucas Rocha\Documents\GitHub\sistema_dev\api\system\CLI\CLI.php(161): CodeIgniter\CLI\CLI::parseCommandLine()
#1 C:\Users\Lucas Rocha\Documents\GitHub\sistema_dev\api\system\CLI\CLI.php(1115): CodeIgniter\CLI\CLI::init()
#2 C:\Users\Lucas Rocha\Documents\GitHub\sistema_dev\api\system\Autoloader\Autoloader.php(312): include_once('C:\\Users\\Lucas ...')
#3 C:\Users\Lucas Rocha\Documents\GitHub\sistema_dev\api\system\Autoloader\Autoloader.php(289): CodeIgniter\Autoloader\Autoloader->includeFile('C:\\Users\\Lucas ...')
#4 C:\Users\Lucas Rocha\Documents\GitHub\sistema_dev\api\system\Autoloader\Autoloader.php(267): CodeIgniter\Autoloader\Autoloader->loadInNamespace('CodeIgniter\\CLI...')
#5 [internal function]: CodeIgniter\Autoloader\Autoloader->loadClass('CodeIgniter\\CLI...')
#6 C:\Users\Lucas Rocha\Documents\GitHub\sistema_dev\api\app\View
【Previous Exception】
CodeIgniter\Exceptions\FrameworkException
The framework needs the following extension(s) installed and loaded: intl, mbstring.
#0 C:\Users\Lucas Rocha\Documents\GitHub\sistema_dev\api\system\CodeIgniter.php(226): CodeIgniter\Exceptions\FrameworkException::forMissingExtension('intl, mbstring')
#1 C:\Users\Lucas Rocha\Documents\GitHub\sistema_dev\api\system\CodeIgniter.php(190): CodeIgniter\CodeIgniter->resolvePlatformExtensions()
#2 C:\Users\Lucas Rocha\Documents\GitHub\sistema_dev\api\spark(83): CodeIgniter\CodeIgniter->initialize()
#3 {main}
in SYSTEMPATH\CLI\CLI.php on line 872.
 1 [internal function]: CodeIgniter\Debug\Exceptions->shutdownHandler()
